<?xml version="1.0" encoding="UTF-8"?>
<testsuite xmlns:xsi="http://www.w3.org/2001/XMLSchema-instance" xsi:noNamespaceSchemaLocation="https://maven.apache.org/surefire/maven-surefire-plugin/xsd/surefire-test-report-3.0.xsd" version="3.0" name="com.igb.web.online_library.BookControllerTest" time="5.39" tests="10" errors="0" skipped="0" failures="0">
  <properties>
[...]
</properties>
  <testcase name="testAddNewBook_invalidBookData" classname="com.igb.web.online_library.BookControllerTest" time="0.369">
    <system-out><![CDATA[17:29:46.212 [main] INFO org.springframework.test.context.support.AnnotationConfigContextLoaderUtils -- Could not detect default configuration classes for test class [com.igb.web.online_library.BookControllerTest]: BookControllerTest does not declare any static, non-private, non-final, nested classes annotated with @Configuration.
17:29:46.423 [main] INFO org.springframework.boot.test.context.SpringBootTestContextBootstrapper -- Found @SpringBootConfiguration com.igb.web.online_library.OnlineLibraryApplication for test class com.igb.web.online_library.BookControllerTest
17:29:46.541 [main] INFO org.springframework.boot.devtools.restart.RestartApplicationListener -- Restart disabled due to context in which it is running

  .   ____          _            __ _ _
 /\\ / ___'_ __ _ _(_)_ __  __ _ \ \ \ \
( ( )\___ | '_ | '_| | '_ \/ _` | \ \ \ \
 \\/  ___)| |_)| | | | | || (_| |  ) ) ) )
  '  |____| .__|_| |_|_| |_\__, | / / / /
 =========|_|==============|___/=/_/_/_/

 :: Spring Boot ::                (v3.3.2)

2024-08-27T17:29:47.264+03:00  INFO 91636 --- [online-library] [           main] c.i.w.online_library.BookControllerTest  : Starting BookControllerTest using Java 22.0.2 with PID 91636 (started by igb in /home/igb/IdeaProjects/online-library)
2024-08-27T17:29:47.269+03:00  INFO 91636 --- [online-library] [           main] c.i.w.online_library.BookControllerTest  : No active profile set, falling back to 1 default profile: "default"
2024-08-27T17:29:50.300+03:00  WARN 91636 --- [online-library] [           main] .s.s.UserDetailsServiceAutoConfiguration : 

Using generated security password: c004f521-3345-4cc5-b25b-33565148509f

This generated password is for development use only. Your security configuration must be updated before running your application in production.

2024-08-27T17:29:50.339+03:00  INFO 91636 --- [online-library] [           main] r$InitializeUserDetailsManagerConfigurer : Global AuthenticationManager configured with UserDetailsService bean with name inMemoryUserDetailsManager
2024-08-27T17:29:50.651+03:00  INFO 91636 --- [online-library] [           main] o.s.b.t.m.w.SpringBootMockServletContext : Initializing Spring TestDispatcherServlet ''
2024-08-27T17:29:50.651+03:00  INFO 91636 --- [online-library] [           main] o.s.t.web.servlet.TestDispatcherServlet  : Initializing Servlet ''
2024-08-27T17:29:50.653+03:00  INFO 91636 --- [online-library] [           main] o.s.t.web.servlet.TestDispatcherServlet  : Completed initialization in 2 ms
2024-08-27T17:29:50.688+03:00  INFO 91636 --- [online-library] [           main] c.i.w.online_library.BookControllerTest  : Started BookControllerTest in 4.164 seconds (process running for 5.866)
]]></system-out>
  </testcase>
  <testcase name="testFindBookById_nonExistingId" classname="com.igb.web.online_library.BookControllerTest" time="0.035"/>
  <testcase name="updateBook_existingBook" classname="com.igb.web.online_library.BookControllerTest" time="0.023"/>
  <testcase name="testAddNewBook_validBookData" classname="com.igb.web.online_library.BookControllerTest" time="0.02"/>
  <testcase name="updateBook_nonExistingBook" classname="com.igb.web.online_library.BookControllerTest" time="0.019"/>
  <testcase name="testFindAllBooks_NonEmptyList" classname="com.igb.web.online_library.BookControllerTest" time="0.023"/>
  <testcase name="deleteBook_existingBook" classname="com.igb.web.online_library.BookControllerTest" time="0.017"/>
  <testcase name="testFindAllBooks_EmptyList" classname="com.igb.web.online_library.BookControllerTest" time="0.014"/>
  <testcase name="deleteBook_nonExistingBook" classname="com.igb.web.online_library.BookControllerTest" time="0.014"/>
  <testcase name="testFindBookById_existingId" classname="com.igb.web.online_library.BookControllerTest" time="0.012"/>
</testsuite>